{
  "stats": {
    "suites": 1,
    "tests": 5,
    "passes": 5,
    "pending": 0,
    "failures": 0,
    "start": "2024-05-20T23:30:04.876Z",
    "end": "2024-05-20T23:30:51.551Z",
    "duration": 46675,
    "testsRegistered": 5,
    "passPercent": 100,
    "pendingPercent": 0,
    "other": 0,
    "hasOther": false,
    "skipped": 0,
    "hasSkipped": false
  },
  "results": [
    {
      "uuid": "3bb04e61-8446-467b-8edd-ed1736bdee1a",
      "title": "",
      "fullFile": "cypress/integration/tests/wtwUITests.spec.js",
      "file": "cypress/integration/tests/wtwUITests.spec.js",
      "beforeHooks": [],
      "afterHooks": [],
      "tests": [],
      "suites": [
        {
          "uuid": "ee535823-667f-4ece-b566-66c9e8e2f848",
          "title": "WTW UI Automation Tests",
          "fullFile": "",
          "file": "",
          "beforeHooks": [],
          "afterHooks": [],
          "tests": [
            {
              "title": "Location and Laguage test",
              "fullTitle": "WTW UI Automation Tests Location and Laguage test",
              "timedOut": null,
              "duration": 7624,
              "state": "passed",
              "speed": "medium",
              "pass": true,
              "fail": false,
              "pending": false,
              "context": null,
              "code": "// act\nhomePage.getLocationAndLanguage().then(text => {\n  if (!text.includes(jsonData.countryCode) && !text.includes(jsonData.languageCode)) {\n    homePage.clickLocationAndLanguage();\n    locationAndLanguagePage.selectMainLocation(jsonData.mainLocation);\n    locationAndLanguagePage.selectCountryAndLanguage(jsonData.country, jsonData.language);\n  }\n});\n// assert\nhomePage.assertLocationAndLanguage(jsonData.countryCode, jsonData.languageCode);",
              "err": {},
              "uuid": "6f343add-e890-4494-a101-0719a60d8452",
              "parentUUID": "ee535823-667f-4ece-b566-66c9e8e2f848",
              "isHook": false,
              "skipped": false
            },
            {
              "title": "Check and Sort by Date test",
              "fullTitle": "WTW UI Automation Tests Check and Sort by Date test",
              "timedOut": null,
              "duration": 9312,
              "state": "passed",
              "speed": "medium",
              "pass": true,
              "fail": false,
              "pending": false,
              "context": null,
              "code": "// arrange\nhomePage.search(jsonData.searchQuery);\n// act\nsearchPage.checkSort();\n// assert\nsearchPage.assertListSortedByDate();",
              "err": {},
              "uuid": "1713b8e8-e6b3-4183-bfb7-f0898c180af2",
              "parentUUID": "ee535823-667f-4ece-b566-66c9e8e2f848",
              "isHook": false,
              "skipped": false
            },
            {
              "title": "Filter by Article test",
              "fullTitle": "WTW UI Automation Tests Filter by Article test",
              "timedOut": null,
              "duration": 7792,
              "state": "passed",
              "speed": "medium",
              "pass": true,
              "fail": false,
              "pending": false,
              "context": null,
              "code": "// arrange\nsearchPage.visitSearch(jsonData.searchQuery);\nsearchPage.checkSort();\n// act\nfilterComponents.filterByArticle();\n// assert\nfilterComponents.assertArticleIsSelected();",
              "err": {},
              "uuid": "439aa112-4cf5-4fba-a498-4b1116cd78c3",
              "parentUUID": "ee535823-667f-4ece-b566-66c9e8e2f848",
              "isHook": false,
              "skipped": false
            },
            {
              "title": "Link displayed in each article in the list test",
              "fullTitle": "WTW UI Automation Tests Link displayed in each article in the list test",
              "timedOut": null,
              "duration": 7226,
              "state": "passed",
              "speed": "medium",
              "pass": true,
              "fail": false,
              "pending": false,
              "context": null,
              "code": "// arrange\nsearchPage.visitSearch(jsonData.searchQuery);\n// act\nsearchPage.checkSort();\nfilterComponents.filterByArticle();\n// assert\nresultcomponents.assertLinkDisplay();",
              "err": {},
              "uuid": "085c9c9d-8fe0-4f07-af40-8cd85deef48e",
              "parentUUID": "ee535823-667f-4ece-b566-66c9e8e2f848",
              "isHook": false,
              "skipped": false
            },
            {
              "title": "End To End WTW UI Automation Test",
              "fullTitle": "WTW UI Automation Tests End To End WTW UI Automation Test",
              "timedOut": null,
              "duration": 6963,
              "state": "passed",
              "speed": "medium",
              "pass": true,
              "fail": false,
              "pending": false,
              "context": null,
              "code": "homePage.getLocationAndLanguage().then(text => {\n  if (!text.includes(jsonData.countryCode) && !text.includes(jsonData.languageCode)) {\n    homePage.clickLocationAndLanguage();\n    locationAndLanguagePage.selectMainLocation(jsonData.mainLocation);\n    locationAndLanguagePage.selectCountryAndLanguage(jsonData.country, jsonData.language);\n  }\n});\nhomePage.search(jsonData.searchQuery);\nsearchPage.checkSort();\nfilterComponents.filterByArticle();\nresultcomponents.assertLinkDisplay();",
              "err": {},
              "uuid": "561e654c-dde0-48b6-a9b1-d4a8ef5fbd4e",
              "parentUUID": "ee535823-667f-4ece-b566-66c9e8e2f848",
              "isHook": false,
              "skipped": false
            }
          ],
          "suites": [],
          "passes": [
            "6f343add-e890-4494-a101-0719a60d8452",
            "1713b8e8-e6b3-4183-bfb7-f0898c180af2",
            "439aa112-4cf5-4fba-a498-4b1116cd78c3",
            "085c9c9d-8fe0-4f07-af40-8cd85deef48e",
            "561e654c-dde0-48b6-a9b1-d4a8ef5fbd4e"
          ],
          "failures": [],
          "pending": [],
          "skipped": [],
          "duration": 38917,
          "root": false,
          "rootEmpty": false,
          "_timeout": 2000
        }
      ],
      "passes": [],
      "failures": [],
      "pending": [],
      "skipped": [],
      "duration": 0,
      "root": true,
      "rootEmpty": true,
      "_timeout": 2000
    }
  ],
  "meta": {
    "mocha": {
      "version": "7.0.1"
    },
    "mochawesome": {
      "options": {
        "quiet": false,
        "reportFilename": "mochawesome",
        "saveHtml": false,
        "saveJson": true,
        "consoleReporter": "spec",
        "useInlineDiffs": false,
        "code": true
      },
      "version": "7.1.3"
    },
    "marge": {
      "options": {
        "id": "default",
        "reportDir": "cypress/reports/mocha",
        "quite": true,
        "overwrite": false,
        "html": false,
        "json": true
      },
      "version": "6.2.0"
    }
  }
}